<root>
    <pita><pbd><lkeex>100</lkeex></pbd></pita>
    <pita2><pb><lkee>100</lkee></pb></pita2>
    <DOTAC2><SDx><sda>sda</sda></SDx></DOTAC2>
    <DOTAC><SD><dsad>bru</dsad></SD></DOTAC>
    <hell>
        <ppp02><1pbo><lkee>100</lkee></1pbo><pbo><lkee>100</lkee></pbo></ppp02>
        <ppp03><pbg>010</pbg></ppp03>
        <ppp04><pbg>010</pbg></ppp04>
        <pp01><lkee-1><bruh>100</bruh></lkee-1><lkee-2><pico><pp>100</pp></pico></lkee-2></pp01>
    </hell>
    </root>
